<?xml version="1.0" encoding="UTF-8"?>
<testng-results ignored="0" total="1" passed="1" failed="0" skipped="0">
  <reporter-output>
  </reporter-output>
  <suite started-at="2024-03-07T22:55:15 EET" name="Default suite" finished-at="2024-03-07T22:55:44 EET" duration-ms="28770">
    <groups>
    </groups>
    <test started-at="2024-03-07T22:55:15 EET" name="Default test" finished-at="2024-03-07T22:55:44 EET" duration-ms="28770">
      <class name="MyTestCases">
        <test-method is-config="true" signature="mySetup()[pri:0, instance:MyTestCases@34a75079]" started-at="2024-03-07T22:55:15 EET" name="mySetup" finished-at="2024-03-07T22:55:22 EET" duration-ms="6200" status="PASS">
          <reporter-output>
          </reporter-output>
        </test-method> <!-- mySetup -->
        <test-method signature="CheckTheWebSiteTitle()[pri:0, instance:MyTestCases@34a75079]" started-at="2024-03-07T22:55:22 EET" name="CheckTheWebSiteTitle" finished-at="2024-03-07T22:55:32 EET" duration-ms="10583" status="PASS">
          <reporter-output>
          </reporter-output>
        </test-method> <!-- CheckTheWebSiteTitle -->
        <test-method is-config="true" signature="AfterTesting()[pri:0, instance:MyTestCases@34a75079]" started-at="2024-03-07T22:55:32 EET" name="AfterTesting" finished-at="2024-03-07T22:55:44 EET" duration-ms="11868" status="PASS">
          <reporter-output>
          </reporter-output>
        </test-method> <!-- AfterTesting -->
      </class> <!-- MyTestCases -->
    </test> <!-- Default test -->
  </suite> <!-- Default suite -->
</testng-results>
